2025-06-25 15:44:33,427 - INFO - GET http://localhost:8000/openapi.json - Status: 200
2025-06-25 15:44:49,205 - INFO - POST http://localhost:8000/datos_abonado - Status: 200
2025-06-25 15:44:58,456 - INFO - POST http://localhost:8000/todas_las_facturas - Status: 200
2025-06-25 15:46:59,442 - INFO - POST http://localhost:8000/datos_abonado - Status: 200
2025-06-25 15:47:05,641 - INFO - POST http://localhost:8000/todas_las_facturas - Status: 200
2025-06-25 15:48:32,036 - INFO - GET http://localhost:8000/openapi.json - Status: 200
2025-06-25 15:51:39,473 - INFO - GET http://localhost:8000/openapi.json - Status: 200
2025-06-25 15:51:48,589 - INFO - GET http://localhost:8000/openapi.json - Status: 200
2025-06-25 15:52:18,353 - INFO - GET http://localhost:8000/openapi.json - Status: 200
2025-06-25 15:52:38,045 - INFO - GET http://localhost:8000/openapi.json - Status: 200
2025-06-25 15:52:41,816 - INFO - POST http://localhost:8000/datos_abonado - Status: 200
2025-06-25 15:52:47,150 - INFO - POST http://localhost:8000/datos_abonado - Status: 200
2025-06-25 15:53:27,275 - INFO - GET http://localhost:8000/openapi.json - Status: 200
2025-06-25 15:53:51,710 - INFO - GET http://localhost:8000/openapi.json - Status: 200
2025-06-25 15:54:08,955 - INFO - GET http://localhost:8000/openapi.json - Status: 200
2025-06-25 15:55:15,449 - INFO - GET http://localhost:8000/openapi.json - Status: 200
2025-06-25 16:34:48,996 - INFO - GET http://localhost:8000/openapi.json - Status: 200
2025-06-25 16:35:37,181 - INFO - GET http://localhost:8000/openapi.json - Status: 200
2025-06-25 16:35:52,269 - INFO - GET http://localhost:8000/openapi.json - Status: 200
2025-06-25 16:37:59,038 - INFO - GET http://localhost:8000/openapi.json - Status: 200
2025-06-25 16:38:09,523 - INFO - GET http://localhost:8000/openapi.json - Status: 200
2025-06-25 16:38:31,892 - INFO - GET http://localhost:8000/openapi.json - Status: 200
2025-06-25 16:38:52,014 - INFO - GET http://localhost:8000/openapi.json - Status: 200
2025-06-25 16:39:07,554 - INFO - GET http://localhost:8000/openapi.json - Status: 200
2025-06-25 16:40:59,379 - INFO - GET http://localhost:8000/openapi.json - Status: 200
2025-06-25 16:41:11,449 - INFO - GET http://localhost:8000/openapi.json - Status: 200
2025-06-25 16:42:28,825 - INFO - GET http://localhost:8000/openapi.json - Status: 200
2025-06-25 16:42:38,814 - INFO - GET http://localhost:8000/openapi.json - Status: 200
2025-06-25 16:42:46,750 - INFO - GET http://localhost:8000/openapi.json - Status: 200
2025-06-25 16:43:27,902 - INFO - GET http://localhost:8000/openapi.json - Status: 200
2025-06-25 16:44:30,346 - INFO - GET http://localhost:8000/openapi.json - Status: 200
2025-06-25 16:46:41,632 - INFO - GET http://localhost:8000/openapi.json - Status: 200
2025-06-25 16:50:52,288 - INFO - GET http://localhost:8000/openapi.json - Status: 200
2025-06-25 16:51:13,767 - INFO - GET http://localhost:8000/openapi.json - Status: 200
2025-06-25 16:51:23,353 - INFO - GET http://localhost:8000/openapi.json - Status: 200
2025-06-25 16:51:45,002 - INFO - POST http://localhost:8000/datos_abonado - Status: 200
2025-06-25 16:52:48,692 - INFO - POST http://localhost:8000/datos_abonado - Status: 200
2025-06-25 16:52:55,831 - INFO - POST http://localhost:8000/todas_las_facturas - Status: 200
2025-06-25 16:53:06,381 - INFO - POST http://localhost:8000/datos_abonado - Status: 200
2025-06-25 16:53:14,884 - INFO - POST http://localhost:8000/todas_las_facturas - Status: 200
2025-06-25 16:53:39,225 - INFO - POST http://localhost:8000/datos_abonado - Status: 200
2025-06-25 16:53:50,410 - INFO - POST http://localhost:8000/facturas_pendientes - Status: 200
2025-06-25 16:53:59,524 - INFO - GET http://localhost:8000/openapi.json - Status: 200
2025-06-25 16:57:29,107 - INFO - GET http://localhost:8000/openapi.json - Status: 200
2025-06-25 16:58:29,263 - INFO - POST http://localhost:8000/datos_abonado - Status: 200
2025-06-25 16:58:41,838 - INFO - POST http://localhost:8000/facturas_pendientes - Status: 200
2025-06-25 16:58:53,038 - INFO - POST http://localhost:8000/facturas_pendientes - Status: 200
2025-06-25 16:59:07,397 - INFO - POST http://localhost:8000/datos_abonado - Status: 200
2025-06-25 17:00:19,743 - INFO - GET http://localhost:8000/openapi.json - Status: 200
2025-06-25 17:01:52,025 - INFO - GET http://localhost:8000/openapi.json - Status: 200
2025-06-25 17:02:08,753 - INFO - POST http://localhost:8000/datos_abonado - Status: 200
2025-06-25 17:02:19,550 - INFO - POST http://localhost:8000/incidencias_por_dni - Status: 200
2025-06-25 17:02:30,514 - INFO - POST http://localhost:8000/todas_las_facturas - Status: 200
2025-06-25 17:02:46,432 - INFO - POST http://localhost:8000/facturas_pendientes - Status: 200
2025-06-25 17:02:58,398 - INFO - POST http://localhost:8000/crear_incidencia - Status: 200
2025-06-25 17:03:11,611 - INFO - POST http://localhost:8000/todas_las_facturas - Status: 200
2025-06-25 17:03:28,516 - INFO - POST http://localhost:8000/estado_pagos - Status: 200
2025-06-25 17:04:40,744 - INFO - GET http://localhost:8000/openapi.json - Status: 200
2025-06-25 23:48:12,477 - INFO - GET http://localhost:8000/openapi.json - Status: 200
2025-06-25 23:48:31,832 - INFO - GET http://localhost:8000/openapi.json - Status: 200
2025-06-25 23:49:00,520 - INFO - POST http://localhost:8000/datos_abonado - Status: 200
2025-06-25 23:49:07,206 - INFO - POST http://localhost:8000/todas_las_facturas - Status: 200
2025-06-25 23:51:27,441 - INFO - POST http://localhost:8000/datos_abonado - Status: 200
2025-06-25 23:51:30,523 - INFO - POST http://localhost:8000/todas_las_facturas - Status: 200
2025-06-25 23:51:47,512 - INFO - GET http://localhost:8000/openapi.json - Status: 200
2025-06-25 23:51:53,268 - INFO - POST http://localhost:8000/datos_abonado - Status: 200
2025-06-25 23:51:57,016 - INFO - POST http://localhost:8000/todas_las_facturas - Status: 200
2025-06-25 23:55:18,149 - INFO - GET http://localhost:8000/openapi.json - Status: 200
2025-06-25 23:55:30,997 - INFO - GET http://localhost:8000/openapi.json - Status: 200
2025-06-25 23:59:30,612 - INFO - GET http://localhost:8000/openapi.json - Status: 200
2025-06-25 23:59:42,801 - INFO - GET http://localhost:8000/openapi.json - Status: 200
2025-06-25 23:59:58,266 - INFO - GET http://localhost:8000/openapi.json - Status: 200
2025-06-26 00:01:22,397 - INFO - GET http://localhost:8000/openapi.json - Status: 200
2025-06-26 00:02:42,239 - INFO - GET http://localhost:8000/openapi.json - Status: 200
2025-06-26 00:04:57,171 - INFO - GET http://localhost:8000/openapi.json - Status: 200
2025-06-26 00:06:16,273 - INFO - GET http://localhost:8000/openapi.json - Status: 200
2025-06-26 00:06:33,815 - INFO - GET http://localhost:8000/openapi.json - Status: 200
2025-06-26 00:08:08,318 - INFO - GET http://localhost:8000/openapi.json - Status: 200
2025-06-26 00:08:27,263 - INFO - GET http://localhost:8000/openapi.json - Status: 200
2025-06-26 00:08:30,269 - INFO - POST http://localhost:8000/datos_abonado - Status: 200
2025-06-26 00:08:41,349 - INFO - POST http://localhost:8000/health - Status: 404
2025-06-26 00:09:07,038 - INFO - GET http://localhost:8000/openapi.json - Status: 200
2025-06-26 00:09:21,820 - INFO - GET http://localhost:8000/health - Status: 404
2025-06-26 00:10:56,994 - INFO - GET http://localhost:8000/openapi.json - Status: 200
2025-06-26 00:11:17,775 - INFO - POST http://localhost:8000/datos_abonado - Status: 200
2025-06-26 00:11:39,000 - INFO - POST http://localhost:8000/datos_abonado - Status: 200
2025-06-26 00:11:42,299 - INFO - POST http://localhost:8000/todas_las_facturas - Status: 200
2025-06-26 00:11:48,563 - INFO - POST http://localhost:8000/incidencias_por_ubicacion - Status: 200
2025-06-26 00:12:02,570 - INFO - POST http://localhost:8000/facturas_pendientes - Status: 200
